{"/home/alef/Documentos/GitHub/al-postEl-api-m2/src/database/DB.ts": {"path":"/home/alef/Documentos/GitHub/al-postEl-api-m2/src/database/DB.ts","statementMap":{"0":{"start":{"line":1,"column":0},"end":{"line":1,"column":7}},"1":{"start":{"line":19,"column":23},"end":{"line":1,"column":19}},"2":{"start":{"line":19,"column":33},"end":{"line":1,"column":29}},"3":{"start":{"line":19,"column":43},"end":{"line":1,"column":53}},"4":{"start":{"line":3,"column":26},"end":{"line":3,"column":45}},"5":{"start":{"line":5,"column":31},"end":{"line":5,"column":193}},"6":{"start":{"line":7,"column":33},"end":{"line":7,"column":55}},"7":{"start":{"line":8,"column":4},"end":{"line":15,"column":5}},"8":{"start":{"line":11,"column":8},"end":{"line":11,"column":50}},"9":{"start":{"line":12,"column":8},"end":{"line":12,"column":74}},"10":{"start":{"line":14,"column":8},"end":{"line":14,"column":76}},"11":{"start":{"line":19,"column":9},"end":{"line":19,"column":21}}},"fnMap":{"0":{"name":"(anonymous_6)","decl":{"start":{"line":19,"column":33},"end":{"line":19,"column":41}},"loc":{"start":{"line":19,"column":33},"end":{"line":1,"column":29}}},"1":{"name":"(anonymous_7)","decl":{"start":{"line":19,"column":43},"end":{"line":19,"column":48}},"loc":{"start":{"line":19,"column":43},"end":{"line":1,"column":53}}},"2":{"name":"authenticate","decl":{"start":{"line":2,"column":15},"end":{"line":2,"column":27}},"loc":{"start":{"line":2,"column":27},"end":{"line":16,"column":1}}}},"branchMap":{"0":{"loc":{"start":{"line":7,"column":33},"end":{"line":7,"column":55}},"type":"binary-expr","locations":[{"start":{"line":7,"column":33},"end":{"line":7,"column":41}},{"start":{"line":7,"column":45},"end":{"line":7,"column":55}}]}},"s":{"0":1,"1":1,"2":1,"3":1,"4":0,"5":0,"6":0,"7":0,"8":0,"9":0,"10":0,"11":1},"f":{"0":0,"1":0,"2":0},"b":{"0":[0,0]}}
,"/home/alef/Documentos/GitHub/al-postEl-api-m2/src/m3_server/db/models/Models.ts": {"path":"/home/alef/Documentos/GitHub/al-postEl-api-m2/src/m3_server/db/models/Models.ts","statementMap":{"0":{"start":{"line":1,"column":0},"end":{"line":1,"column":9}},"1":{"start":{"line":5,"column":9},"end":{"line":1,"column":59}},"2":{"start":{"line":2,"column":0},"end":{"line":2,"column":9}},"3":{"start":{"line":5,"column":23},"end":{"line":2,"column":61}},"4":{"start":{"line":3,"column":0},"end":{"line":3,"column":9}},"5":{"start":{"line":5,"column":41},"end":{"line":3,"column":53}},"6":{"start":{"line":4,"column":0},"end":{"line":4,"column":9}},"7":{"start":{"line":5,"column":53},"end":{"line":4,"column":74}}},"fnMap":{"0":{"name":"(anonymous_0)","decl":{"start":{"line":5,"column":9},"end":{"line":5,"column":21}},"loc":{"start":{"line":5,"column":9},"end":{"line":1,"column":59}}},"1":{"name":"(anonymous_1)","decl":{"start":{"line":5,"column":23},"end":{"line":5,"column":39}},"loc":{"start":{"line":5,"column":23},"end":{"line":2,"column":61}}},"2":{"name":"(anonymous_2)","decl":{"start":{"line":5,"column":41},"end":{"line":5,"column":51}},"loc":{"start":{"line":5,"column":41},"end":{"line":3,"column":53}}},"3":{"name":"(anonymous_3)","decl":{"start":{"line":5,"column":53},"end":{"line":5,"column":70}},"loc":{"start":{"line":5,"column":53},"end":{"line":4,"column":74}}}},"branchMap":{},"s":{"0":1,"1":2,"2":1,"3":2,"4":1,"5":2,"6":1,"7":2},"f":{"0":1,"1":1,"2":1,"3":1},"b":{}}
,"/home/alef/Documentos/GitHub/al-postEl-api-m2/src/m3_server/db/models/GroupModel/GroupModel.ts": {"path":"/home/alef/Documentos/GitHub/al-postEl-api-m2/src/m3_server/db/models/GroupModel/GroupModel.ts","statementMap":{"0":{"start":{"line":1,"column":0},"end":{"line":1,"column":51}},"1":{"start":{"line":3,"column":23},"end":{"line":7,"column":2}},"2":{"start":{"line":9,"column":19},"end":{"line":9,"column":58}},"3":{"start":{"line":11,"column":9},"end":{"line":11,"column":19}}},"fnMap":{},"branchMap":{},"s":{"0":1,"1":1,"2":1,"3":1},"f":{},"b":{}}
,"/home/alef/Documentos/GitHub/al-postEl-api-m2/src/m3_server/db/models/MessageGroupModel/MessageGroupModel.ts": {"path":"/home/alef/Documentos/GitHub/al-postEl-api-m2/src/m3_server/db/models/MessageGroupModel/MessageGroupModel.ts","statementMap":{"0":{"start":{"line":1,"column":0},"end":{"line":1,"column":51}},"1":{"start":{"line":3,"column":26},"end":{"line":3,"column":34}},"2":{"start":{"line":4,"column":30},"end":{"line":12,"column":2}},"3":{"start":{"line":14,"column":0},"end":{"line":20,"column":2}},"4":{"start":{"line":15,"column":16},"end":{"line":15,"column":31}},"5":{"start":{"line":16,"column":4},"end":{"line":18,"column":5}},"6":{"start":{"line":17,"column":8},"end":{"line":17,"column":60}},"7":{"start":{"line":19,"column":4},"end":{"line":19,"column":15}},"8":{"start":{"line":22,"column":26},"end":{"line":22,"column":70}},"9":{"start":{"line":24,"column":9},"end":{"line":24,"column":26}}},"fnMap":{"0":{"name":"(anonymous_0)","decl":{"start":{"line":14,"column":39},"end":{"line":14,"column":null}},"loc":{"start":{"line":14,"column":39},"end":{"line":20,"column":1}}}},"branchMap":{"0":{"loc":{"start":{"line":16,"column":4},"end":{"line":18,"column":5}},"type":"if","locations":[{"start":{"line":16,"column":4},"end":{"line":18,"column":5}}]}},"s":{"0":1,"1":1,"2":1,"3":1,"4":0,"5":0,"6":0,"7":0,"8":1,"9":1},"f":{"0":0},"b":{"0":[0]}}
,"/home/alef/Documentos/GitHub/al-postEl-api-m2/src/m3_server/db/models/MessageModel/MessageModel.ts": {"path":"/home/alef/Documentos/GitHub/al-postEl-api-m2/src/m3_server/db/models/MessageModel/MessageModel.ts","statementMap":{"0":{"start":{"line":1,"column":0},"end":{"line":1,"column":51}},"1":{"start":{"line":3,"column":25},"end":{"line":10,"column":2}},"2":{"start":{"line":12,"column":21},"end":{"line":12,"column":64}},"3":{"start":{"line":14,"column":9},"end":{"line":14,"column":21}}},"fnMap":{},"branchMap":{},"s":{"0":1,"1":1,"2":1,"3":1},"f":{},"b":{}}
,"/home/alef/Documentos/GitHub/al-postEl-api-m2/src/m3_server/db/models/UserNetwork/UserNetwork.ts": {"path":"/home/alef/Documentos/GitHub/al-postEl-api-m2/src/m3_server/db/models/UserNetwork/UserNetwork.ts","statementMap":{"0":{"start":{"line":1,"column":0},"end":{"line":1,"column":51}},"1":{"start":{"line":3,"column":23},"end":{"line":7,"column":2}},"2":{"start":{"line":9,"column":25},"end":{"line":9,"column":70}},"3":{"start":{"line":11,"column":9},"end":{"line":11,"column":25}}},"fnMap":{},"branchMap":{},"s":{"0":1,"1":1,"2":1,"3":1},"f":{},"b":{}}
,"/home/alef/Documentos/GitHub/al-postEl-api-m2/src/m3_server/services/Services.ts": {"path":"/home/alef/Documentos/GitHub/al-postEl-api-m2/src/m3_server/services/Services.ts","statementMap":{"0":{"start":{"line":1,"column":0},"end":{"line":1,"column":7}},"1":{"start":{"line":13,"column":9},"end":{"line":1,"column":60}},"2":{"start":{"line":2,"column":0},"end":{"line":2,"column":7}},"3":{"start":{"line":13,"column":22},"end":{"line":2,"column":81}},"4":{"start":{"line":3,"column":0},"end":{"line":3,"column":7}},"5":{"start":{"line":13,"column":42},"end":{"line":3,"column":63}},"6":{"start":{"line":4,"column":0},"end":{"line":4,"column":7}},"7":{"start":{"line":13,"column":56},"end":{"line":4,"column":87}},"8":{"start":{"line":5,"column":0},"end":{"line":5,"column":7}},"9":{"start":{"line":13,"column":78},"end":{"line":5,"column":69}},"10":{"start":{"line":6,"column":0},"end":{"line":6,"column":7}},"11":{"start":{"line":13,"column":94},"end":{"line":6,"column":57}},"12":{"start":{"line":7,"column":0},"end":{"line":7,"column":7}},"13":{"start":{"line":13,"column":106},"end":{"line":7,"column":84}},"14":{"start":{"line":8,"column":0},"end":{"line":8,"column":7}},"15":{"start":{"line":13,"column":127},"end":{"line":8,"column":78}},"16":{"start":{"line":10,"column":0},"end":{"line":10,"column":9}},"17":{"start":{"line":13,"column":146},"end":{"line":10,"column":91}},"18":{"start":{"line":12,"column":0},"end":{"line":12,"column":9}},"19":{"start":{"line":13,"column":168},"end":{"line":12,"column":76}}},"fnMap":{"0":{"name":"(anonymous_1)","decl":{"start":{"line":13,"column":146},"end":{"line":13,"column":166}},"loc":{"start":{"line":13,"column":146},"end":{"line":10,"column":91}}},"1":{"name":"(anonymous_2)","decl":{"start":{"line":13,"column":168},"end":{"line":13,"column":183}},"loc":{"start":{"line":13,"column":168},"end":{"line":12,"column":76}}}},"branchMap":{},"s":{"0":1,"1":1,"2":1,"3":1,"4":1,"5":1,"6":1,"7":1,"8":1,"9":1,"10":1,"11":1,"12":1,"13":1,"14":1,"15":1,"16":1,"17":1,"18":1,"19":2},"f":{"0":0,"1":1},"b":{}}
,"/home/alef/Documentos/GitHub/al-postEl-api-m2/src/m3_server/services/CreateNewGroup/CreateNewGroup.service.ts": {"path":"/home/alef/Documentos/GitHub/al-postEl-api-m2/src/m3_server/services/CreateNewGroup/CreateNewGroup.service.ts","statementMap":{"0":{"start":{"line":1,"column":0},"end":{"line":1,"column":52}},"1":{"start":{"line":6,"column":25},"end":{"line":6,"column":57}},"2":{"start":{"line":7,"column":8},"end":{"line":7,"column":30}},"3":{"start":{"line":8,"column":8},"end":{"line":8,"column":45}},"4":{"start":{"line":12,"column":8},"end":{"line":27,"column":9}},"5":{"start":{"line":13,"column":29},"end":{"line":18,"column":null}},"6":{"start":{"line":21,"column":12},"end":{"line":21,"column":34}},"7":{"start":{"line":22,"column":12},"end":{"line":22,"column":28}},"8":{"start":{"line":25,"column":12},"end":{"line":25,"column":83}},"9":{"start":{"line":31,"column":0},"end":{"line":31,"column":30}}},"fnMap":{"0":{"name":"(anonymous_0)","decl":{"start":{"line":5,"column":11},"end":{"line":5,"column":16}},"loc":{"start":{"line":5,"column":58},"end":{"line":9,"column":5}}},"1":{"name":"(anonymous_1)","decl":{"start":{"line":11,"column":12},"end":{"line":11,"column":17}},"loc":{"start":{"line":11,"column":48},"end":{"line":28,"column":5}}}},"branchMap":{},"s":{"0":1,"1":0,"2":0,"3":0,"4":0,"5":0,"6":0,"7":0,"8":0,"9":1},"f":{"0":0,"1":0},"b":{}}
,"/home/alef/Documentos/GitHub/al-postEl-api-m2/src/m3_server/services/CreateNewGroupMsg/CreateNewGroupMsg.service.ts": {"path":"/home/alef/Documentos/GitHub/al-postEl-api-m2/src/m3_server/services/CreateNewGroupMsg/CreateNewGroupMsg.service.ts","statementMap":{"0":{"start":{"line":2,"column":0},"end":{"line":2,"column":59}},"1":{"start":{"line":7,"column":8},"end":{"line":14,"column":9}},"2":{"start":{"line":8,"column":110},"end":{"line":8,"column":118}},"3":{"start":{"line":9,"column":27},"end":{"line":9,"column":126}},"4":{"start":{"line":10,"column":12},"end":{"line":10,"column":47}},"5":{"start":{"line":12,"column":12},"end":{"line":12,"column":41}},"6":{"start":{"line":13,"column":12},"end":{"line":13,"column":45}},"7":{"start":{"line":20,"column":8},"end":{"line":38,"column":9}},"8":{"start":{"line":21,"column":36},"end":{"line":30,"column":null}},"9":{"start":{"line":32,"column":12},"end":{"line":32,"column":41}},"10":{"start":{"line":33,"column":12},"end":{"line":33,"column":35}},"11":{"start":{"line":36,"column":12},"end":{"line":36,"column":99}},"12":{"start":{"line":44,"column":0},"end":{"line":44,"column":33}}},"fnMap":{"0":{"name":"(anonymous_0)","decl":{"start":{"line":6,"column":11},"end":{"line":6,"column":16}},"loc":{"start":{"line":6,"column":81},"end":{"line":16,"column":5}}},"1":{"name":"(anonymous_1)","decl":{"start":{"line":18,"column":12},"end":{"line":18,"column":17}},"loc":{"start":{"line":18,"column":123},"end":{"line":39,"column":5}}}},"branchMap":{},"s":{"0":1,"1":0,"2":0,"3":0,"4":0,"5":0,"6":0,"7":0,"8":0,"9":0,"10":0,"11":0,"12":1},"f":{"0":0,"1":0},"b":{}}
,"/home/alef/Documentos/GitHub/al-postEl-api-m2/src/m3_server/services/CreateNewMsg/CreateNewMsg.service.ts": {"path":"/home/alef/Documentos/GitHub/al-postEl-api-m2/src/m3_server/services/CreateNewMsg/CreateNewMsg.service.ts","statementMap":{"0":{"start":{"line":2,"column":0},"end":{"line":2,"column":54}},"1":{"start":{"line":7,"column":8},"end":{"line":14,"column":9}},"2":{"start":{"line":8,"column":95},"end":{"line":8,"column":103}},"3":{"start":{"line":9,"column":27},"end":{"line":9,"column":116}},"4":{"start":{"line":10,"column":12},"end":{"line":10,"column":47}},"5":{"start":{"line":12,"column":12},"end":{"line":12,"column":41}},"6":{"start":{"line":13,"column":12},"end":{"line":13,"column":45}},"7":{"start":{"line":20,"column":8},"end":{"line":38,"column":9}},"8":{"start":{"line":21,"column":31},"end":{"line":29,"column":null}},"9":{"start":{"line":32,"column":12},"end":{"line":32,"column":36}},"10":{"start":{"line":33,"column":12},"end":{"line":33,"column":30}},"11":{"start":{"line":36,"column":12},"end":{"line":36,"column":91}},"12":{"start":{"line":42,"column":0},"end":{"line":42,"column":28}}},"fnMap":{"0":{"name":"(anonymous_0)","decl":{"start":{"line":6,"column":11},"end":{"line":6,"column":16}},"loc":{"start":{"line":6,"column":76},"end":{"line":16,"column":5}}},"1":{"name":"(anonymous_1)","decl":{"start":{"line":18,"column":12},"end":{"line":18,"column":17}},"loc":{"start":{"line":18,"column":108},"end":{"line":39,"column":5}}}},"branchMap":{},"s":{"0":1,"1":0,"2":0,"3":0,"4":0,"5":0,"6":0,"7":0,"8":0,"9":0,"10":0,"11":0,"12":1},"f":{"0":0,"1":0},"b":{}}
,"/home/alef/Documentos/GitHub/al-postEl-api-m2/src/m3_server/services/CreateNewUserNetwork/CreateNewUserNetwork.service.ts": {"path":"/home/alef/Documentos/GitHub/al-postEl-api-m2/src/m3_server/services/CreateNewUserNetwork/CreateNewUserNetwork.service.ts","statementMap":{"0":{"start":{"line":2,"column":0},"end":{"line":2,"column":58}},"1":{"start":{"line":7,"column":8},"end":{"line":20,"column":9}},"2":{"start":{"line":8,"column":64},"end":{"line":8,"column":72}},"3":{"start":{"line":9,"column":34},"end":{"line":9,"column":79}},"4":{"start":{"line":10,"column":12},"end":{"line":10,"column":null}},"5":{"start":{"line":11,"column":12},"end":{"line":16,"column":13}},"6":{"start":{"line":12,"column":35},"end":{"line":12,"column":89}},"7":{"start":{"line":13,"column":16},"end":{"line":13,"column":55}},"8":{"start":{"line":15,"column":16},"end":{"line":15,"column":49}},"9":{"start":{"line":18,"column":12},"end":{"line":18,"column":45}},"10":{"start":{"line":19,"column":12},"end":{"line":19,"column":45}},"11":{"start":{"line":24,"column":8},"end":{"line":29,"column":9}},"12":{"start":{"line":25,"column":28},"end":{"line":25,"column":76}},"13":{"start":{"line":26,"column":12},"end":{"line":26,"column":29}},"14":{"start":{"line":28,"column":12},"end":{"line":28,"column":78}},"15":{"start":{"line":33,"column":8},"end":{"line":38,"column":9}},"16":{"start":{"line":34,"column":31},"end":{"line":34,"column":80}},"17":{"start":{"line":35,"column":12},"end":{"line":35,"column":43}},"18":{"start":{"line":37,"column":12},"end":{"line":37,"column":93}},"19":{"start":{"line":42,"column":0},"end":{"line":42,"column":36}}},"fnMap":{"0":{"name":"(anonymous_0)","decl":{"start":{"line":6,"column":11},"end":{"line":6,"column":16}},"loc":{"start":{"line":6,"column":81},"end":{"line":21,"column":5}}},"1":{"name":"(anonymous_1)","decl":{"start":{"line":23,"column":12},"end":{"line":23,"column":17}},"loc":{"start":{"line":23,"column":67},"end":{"line":30,"column":5}}},"2":{"name":"(anonymous_2)","decl":{"start":{"line":32,"column":12},"end":{"line":32,"column":17}},"loc":{"start":{"line":32,"column":84},"end":{"line":39,"column":5}}}},"branchMap":{"0":{"loc":{"start":{"line":11,"column":12},"end":{"line":16,"column":13}},"type":"if","locations":[{"start":{"line":11,"column":12},"end":{"line":16,"column":13}},{"start":{"line":14,"column":19},"end":{"line":16,"column":13}}]}},"s":{"0":1,"1":0,"2":0,"3":0,"4":0,"5":0,"6":0,"7":0,"8":0,"9":0,"10":0,"11":0,"12":0,"13":0,"14":0,"15":0,"16":0,"17":0,"18":0,"19":1},"f":{"0":0,"1":0,"2":0},"b":{"0":[0,0]}}
,"/home/alef/Documentos/GitHub/al-postEl-api-m2/src/m3_server/services/FindGroups/FindGroups.service.ts": {"path":"/home/alef/Documentos/GitHub/al-postEl-api-m2/src/m3_server/services/FindGroups/FindGroups.service.ts","statementMap":{"0":{"start":{"line":1,"column":0},"end":{"line":1,"column":52}},"1":{"start":{"line":6,"column":21},"end":{"line":6,"column":52}},"2":{"start":{"line":7,"column":8},"end":{"line":7,"column":null}},"3":{"start":{"line":11,"column":38},"end":{"line":11,"column":157}},"4":{"start":{"line":12,"column":8},"end":{"line":12,"column":null}},"5":{"start":{"line":13,"column":8},"end":{"line":13,"column":null}},"6":{"start":{"line":16,"column":0},"end":{"line":16,"column":26}}},"fnMap":{"0":{"name":"(anonymous_0)","decl":{"start":{"line":5,"column":11},"end":{"line":5,"column":16}},"loc":{"start":{"line":5,"column":44},"end":{"line":8,"column":5}}},"1":{"name":"(anonymous_1)","decl":{"start":{"line":10,"column":12},"end":{"line":10,"column":17}},"loc":{"start":{"line":10,"column":45},"end":{"line":14,"column":5}}}},"branchMap":{},"s":{"0":1,"1":0,"2":0,"3":0,"4":0,"5":0,"6":1},"f":{"0":0,"1":0},"b":{}}
,"/home/alef/Documentos/GitHub/al-postEl-api-m2/src/m3_server/services/GetPrevMsgs/GetPrevMsgs.service.ts": {"path":"/home/alef/Documentos/GitHub/al-postEl-api-m2/src/m3_server/services/GetPrevMsgs/GetPrevMsgs.service.ts","statementMap":{"0":{"start":{"line":2,"column":0},"end":{"line":2,"column":54}},"1":{"start":{"line":7,"column":4},"end":{"line":7,"column":null}},"2":{"start":{"line":7,"column":31},"end":{"line":7,"column":80}},"3":{"start":{"line":6,"column":0},"end":{"line":6,"column":16}},"4":{"start":{"line":12,"column":8},"end":{"line":32,"column":9}},"5":{"start":{"line":13,"column":35},"end":{"line":13,"column":43}},"6":{"start":{"line":14,"column":12},"end":{"line":28,"column":13}},"7":{"start":{"line":15,"column":46},"end":{"line":15,"column":83}},"8":{"start":{"line":16,"column":16},"end":{"line":24,"column":17}},"9":{"start":{"line":18,"column":50},"end":{"line":18,"column":70}},"10":{"start":{"line":19,"column":39},"end":{"line":19,"column":66}},"11":{"start":{"line":20,"column":20},"end":{"line":20,"column":null}},"12":{"start":{"line":21,"column":20},"end":{"line":21,"column":59}},"13":{"start":{"line":23,"column":20},"end":{"line":23,"column":53}},"14":{"start":{"line":27,"column":16},"end":{"line":27,"column":65}},"15":{"start":{"line":30,"column":12},"end":{"line":30,"column":68}},"16":{"start":{"line":31,"column":12},"end":{"line":31,"column":66}},"17":{"start":{"line":37,"column":8},"end":{"line":47,"column":9}},"18":{"start":{"line":38,"column":47},"end":{"line":38,"column":168}},"19":{"start":{"line":40,"column":47},"end":{"line":40,"column":168}},"20":{"start":{"line":42,"column":38},"end":{"line":42,"column":80}},"21":{"start":{"line":43,"column":12},"end":{"line":43,"column":null}},"22":{"start":{"line":45,"column":12},"end":{"line":45,"column":null}},"23":{"start":{"line":46,"column":12},"end":{"line":46,"column":null}},"24":{"start":{"line":52,"column":0},"end":{"line":52,"column":27}}},"fnMap":{"0":{"name":"ordeMsgsByData","decl":{"start":{"line":6,"column":16},"end":{"line":6,"column":30}},"loc":{"start":{"line":6,"column":45},"end":{"line":8,"column":1}}},"1":{"name":"(anonymous_1)","decl":{"start":{"line":7,"column":21},"end":{"line":7,"column":22}},"loc":{"start":{"line":7,"column":31},"end":{"line":7,"column":80}}},"2":{"name":"(anonymous_2)","decl":{"start":{"line":11,"column":11},"end":{"line":11,"column":16}},"loc":{"start":{"line":11,"column":77},"end":{"line":34,"column":5}}},"3":{"name":"(anonymous_3)","decl":{"start":{"line":36,"column":12},"end":{"line":36,"column":17}},"loc":{"start":{"line":36,"column":59},"end":{"line":49,"column":5}}}},"branchMap":{"0":{"loc":{"start":{"line":14,"column":12},"end":{"line":28,"column":13}},"type":"if","locations":[{"start":{"line":14,"column":12},"end":{"line":28,"column":13}},{"start":{"line":26,"column":19},"end":{"line":28,"column":13}}]},"1":{"loc":{"start":{"line":14,"column":15},"end":{"line":14,"column":29}},"type":"binary-expr","locations":[{"start":{"line":14,"column":15},"end":{"line":14,"column":20}},{"start":{"line":14,"column":24},"end":{"line":14,"column":29}}]},"2":{"loc":{"start":{"line":16,"column":16},"end":{"line":24,"column":17}},"type":"if","locations":[{"start":{"line":16,"column":16},"end":{"line":24,"column":17}},{"start":{"line":22,"column":23},"end":{"line":24,"column":17}}]}},"s":{"0":1,"1":0,"2":0,"3":1,"4":0,"5":0,"6":0,"7":0,"8":0,"9":0,"10":0,"11":0,"12":0,"13":0,"14":0,"15":0,"16":0,"17":0,"18":0,"19":0,"20":0,"21":0,"22":0,"23":0,"24":1},"f":{"0":0,"1":0,"2":0,"3":0},"b":{"0":[0,0],"1":[0,0],"2":[0,0]}}
,"/home/alef/Documentos/GitHub/al-postEl-api-m2/src/m3_server/services/GetPrevUserNetwork/GetPrevUserNetwork.service.ts": {"path":"/home/alef/Documentos/GitHub/al-postEl-api-m2/src/m3_server/services/GetPrevUserNetwork/GetPrevUserNetwork.service.ts","statementMap":{"0":{"start":{"line":3,"column":0},"end":{"line":3,"column":58}},"1":{"start":{"line":7,"column":8},"end":{"line":31,"column":9}},"2":{"start":{"line":8,"column":52},"end":{"line":8,"column":60}},"3":{"start":{"line":10,"column":12},"end":{"line":12,"column":13}},"4":{"start":{"line":11,"column":16},"end":{"line":11,"column":45}},"5":{"start":{"line":14,"column":25},"end":{"line":14,"column":53}},"6":{"start":{"line":16,"column":12},"end":{"line":19,"column":13}},"7":{"start":{"line":18,"column":16},"end":{"line":18,"column":105}},"8":{"start":{"line":21,"column":12},"end":{"line":21,"column":30}},"9":{"start":{"line":22,"column":12},"end":{"line":26,"column":13}},"10":{"start":{"line":23,"column":16},"end":{"line":23,"column":72}},"11":{"start":{"line":25,"column":16},"end":{"line":25,"column":72}},"12":{"start":{"line":29,"column":12},"end":{"line":29,"column":77}},"13":{"start":{"line":30,"column":12},"end":{"line":30,"column":86}},"14":{"start":{"line":35,"column":8},"end":{"line":50,"column":9}},"15":{"start":{"line":36,"column":43},"end":{"line":36,"column":119}},"16":{"start":{"line":38,"column":36},"end":{"line":38,"column":38}},"17":{"start":{"line":39,"column":12},"end":{"line":44,"column":15}},"18":{"start":{"line":40,"column":43},"end":{"line":42,"column":null}},"19":{"start":{"line":43,"column":16},"end":{"line":43,"column":null}},"20":{"start":{"line":46,"column":12},"end":{"line":46,"column":23}},"21":{"start":{"line":48,"column":12},"end":{"line":48,"column":90}},"22":{"start":{"line":49,"column":12},"end":{"line":49,"column":24}},"23":{"start":{"line":54,"column":0},"end":{"line":54,"column":34}}},"fnMap":{"0":{"name":"(anonymous_0)","decl":{"start":{"line":6,"column":11},"end":{"line":6,"column":16}},"loc":{"start":{"line":6,"column":88},"end":{"line":32,"column":5}}},"1":{"name":"(anonymous_1)","decl":{"start":{"line":34,"column":12},"end":{"line":34,"column":17}},"loc":{"start":{"line":34,"column":46},"end":{"line":51,"column":5}}},"2":{"name":"(anonymous_2)","decl":{"start":{"line":39,"column":29},"end":{"line":39,"column":30}},"loc":{"start":{"line":39,"column":36},"end":{"line":44,"column":13}}}},"branchMap":{"0":{"loc":{"start":{"line":10,"column":12},"end":{"line":12,"column":13}},"type":"if","locations":[{"start":{"line":10,"column":12},"end":{"line":12,"column":13}}]},"1":{"loc":{"start":{"line":16,"column":12},"end":{"line":19,"column":13}},"type":"if","locations":[{"start":{"line":16,"column":12},"end":{"line":19,"column":13}}]},"2":{"loc":{"start":{"line":22,"column":12},"end":{"line":26,"column":13}},"type":"if","locations":[{"start":{"line":22,"column":12},"end":{"line":26,"column":13}},{"start":{"line":24,"column":19},"end":{"line":26,"column":13}}]}},"s":{"0":1,"1":0,"2":0,"3":0,"4":0,"5":0,"6":0,"7":0,"8":0,"9":0,"10":0,"11":0,"12":0,"13":0,"14":0,"15":0,"16":0,"17":0,"18":0,"19":0,"20":0,"21":0,"22":0,"23":1},"f":{"0":0,"1":0,"2":0},"b":{"0":[0],"1":[0],"2":[0,0]}}
,"/home/alef/Documentos/GitHub/al-postEl-api-m2/src/m3_server/services/GetPreviousGroupMsg/GetPreviousGroupMsg.service.ts": {"path":"/home/alef/Documentos/GitHub/al-postEl-api-m2/src/m3_server/services/GetPreviousGroupMsg/GetPreviousGroupMsg.service.ts","statementMap":{"0":{"start":{"line":2,"column":0},"end":{"line":2,"column":59}},"1":{"start":{"line":6,"column":8},"end":{"line":18,"column":9}},"2":{"start":{"line":7,"column":28},"end":{"line":7,"column":36}},"3":{"start":{"line":8,"column":12},"end":{"line":14,"column":13}},"4":{"start":{"line":9,"column":29},"end":{"line":9,"column":62}},"5":{"start":{"line":11,"column":16},"end":{"line":11,"column":65}},"6":{"start":{"line":13,"column":16},"end":{"line":13,"column":65}},"7":{"start":{"line":16,"column":12},"end":{"line":16,"column":68}},"8":{"start":{"line":17,"column":12},"end":{"line":17,"column":66}},"9":{"start":{"line":22,"column":8},"end":{"line":28,"column":9}},"10":{"start":{"line":23,"column":41},"end":{"line":23,"column":160}},"11":{"start":{"line":24,"column":12},"end":{"line":24,"column":24}},"12":{"start":{"line":26,"column":12},"end":{"line":26,"column":54}},"13":{"start":{"line":27,"column":12},"end":{"line":27,"column":24}},"14":{"start":{"line":32,"column":0},"end":{"line":32,"column":35}}},"fnMap":{"0":{"name":"(anonymous_0)","decl":{"start":{"line":5,"column":11},"end":{"line":5,"column":16}},"loc":{"start":{"line":5,"column":80},"end":{"line":19,"column":5}}},"1":{"name":"(anonymous_1)","decl":{"start":{"line":21,"column":12},"end":{"line":21,"column":17}},"loc":{"start":{"line":21,"column":47},"end":{"line":29,"column":5}}}},"branchMap":{"0":{"loc":{"start":{"line":8,"column":12},"end":{"line":14,"column":13}},"type":"if","locations":[{"start":{"line":8,"column":12},"end":{"line":14,"column":13}},{"start":{"line":12,"column":19},"end":{"line":14,"column":13}}]}},"s":{"0":1,"1":0,"2":0,"3":0,"4":0,"5":0,"6":0,"7":0,"8":0,"9":0,"10":0,"11":0,"12":0,"13":0,"14":1},"f":{"0":0,"1":0},"b":{"0":[0,0]}}
,"/home/alef/Documentos/GitHub/al-postEl-api-m2/src/m3_server/services/UpdateGroupMsgStatus/UpdateGroupMsgStatus.service.ts": {"path":"/home/alef/Documentos/GitHub/al-postEl-api-m2/src/m3_server/services/UpdateGroupMsgStatus/UpdateGroupMsgStatus.service.ts","statementMap":{"0":{"start":{"line":3,"column":0},"end":{"line":3,"column":59}},"1":{"start":{"line":11,"column":4},"end":{"line":20,"column":5}},"2":{"start":{"line":12,"column":71},"end":{"line":12,"column":79}},"3":{"start":{"line":13,"column":8},"end":{"line":13,"column":null}},"4":{"start":{"line":14,"column":23},"end":{"line":14,"column":88}},"5":{"start":{"line":15,"column":8},"end":{"line":15,"column":null}},"6":{"start":{"line":16,"column":8},"end":{"line":16,"column":43}},"7":{"start":{"line":18,"column":8},"end":{"line":18,"column":37}},"8":{"start":{"line":19,"column":8},"end":{"line":19,"column":41}},"9":{"start":{"line":10,"column":0},"end":{"line":10,"column":7}},"10":{"start":{"line":24,"column":4},"end":{"line":43,"column":5}},"11":{"start":{"line":25,"column":23},"end":{"line":31,"column":null}},"12":{"start":{"line":34,"column":8},"end":{"line":36,"column":9}},"13":{"start":{"line":35,"column":12},"end":{"line":35,"column":104}},"14":{"start":{"line":38,"column":8},"end":{"line":38,"column":88}},"15":{"start":{"line":41,"column":8},"end":{"line":41,"column":99}}},"fnMap":{"0":{"name":"UpdateGroupMsgStatus","decl":{"start":{"line":10,"column":22},"end":{"line":10,"column":42}},"loc":{"start":{"line":10,"column":103},"end":{"line":21,"column":1}}},"1":{"name":"updateStatusMsg","decl":{"start":{"line":23,"column":15},"end":{"line":23,"column":30}},"loc":{"start":{"line":23,"column":85},"end":{"line":44,"column":1}}}},"branchMap":{"0":{"loc":{"start":{"line":34,"column":8},"end":{"line":36,"column":9}},"type":"if","locations":[{"start":{"line":34,"column":8},"end":{"line":36,"column":9}}]}},"s":{"0":1,"1":0,"2":0,"3":0,"4":0,"5":0,"6":0,"7":0,"8":0,"9":1,"10":0,"11":0,"12":0,"13":0,"14":0,"15":0},"f":{"0":0,"1":0},"b":{"0":[0]}}
,"/home/alef/Documentos/GitHub/al-postEl-api-m2/src/m3_server/services/UpdateMsgStatus/UpdateMsgStatus.service.ts": {"path":"/home/alef/Documentos/GitHub/al-postEl-api-m2/src/m3_server/services/UpdateMsgStatus/UpdateMsgStatus.service.ts","statementMap":{"0":{"start":{"line":2,"column":0},"end":{"line":2,"column":54}},"1":{"start":{"line":6,"column":4},"end":{"line":14,"column":5}},"2":{"start":{"line":7,"column":83},"end":{"line":7,"column":91}},"3":{"start":{"line":8,"column":23},"end":{"line":8,"column":87}},"4":{"start":{"line":9,"column":8},"end":{"line":9,"column":null}},"5":{"start":{"line":10,"column":8},"end":{"line":10,"column":43}},"6":{"start":{"line":12,"column":8},"end":{"line":12,"column":37}},"7":{"start":{"line":13,"column":8},"end":{"line":13,"column":41}},"8":{"start":{"line":5,"column":0},"end":{"line":5,"column":7}},"9":{"start":{"line":18,"column":4},"end":{"line":37,"column":5}},"10":{"start":{"line":19,"column":23},"end":{"line":25,"column":null}},"11":{"start":{"line":28,"column":8},"end":{"line":30,"column":9}},"12":{"start":{"line":29,"column":12},"end":{"line":29,"column":104}},"13":{"start":{"line":32,"column":8},"end":{"line":32,"column":88}},"14":{"start":{"line":35,"column":8},"end":{"line":35,"column":99}}},"fnMap":{"0":{"name":"UpdateMsgStatus","decl":{"start":{"line":5,"column":22},"end":{"line":5,"column":37}},"loc":{"start":{"line":5,"column":98},"end":{"line":15,"column":1}}},"1":{"name":"updateStatusMsg","decl":{"start":{"line":17,"column":15},"end":{"line":17,"column":30}},"loc":{"start":{"line":17,"column":97},"end":{"line":38,"column":1}}}},"branchMap":{"0":{"loc":{"start":{"line":28,"column":8},"end":{"line":30,"column":9}},"type":"if","locations":[{"start":{"line":28,"column":8},"end":{"line":30,"column":9}}]}},"s":{"0":1,"1":1,"2":1,"3":1,"4":1,"5":1,"6":0,"7":0,"8":1,"9":1,"10":1,"11":1,"12":0,"13":1,"14":0},"f":{"0":1,"1":1},"b":{"0":[0]}}
,"/home/alef/Documentos/GitHub/al-postEl-api-m2/src/m3_server/tests/server.ts": {"path":"/home/alef/Documentos/GitHub/al-postEl-api-m2/src/m3_server/tests/server.ts","statementMap":{"0":{"start":{"line":1,"column":0},"end":{"line":1,"column":30}},"1":{"start":{"line":2,"column":0},"end":{"line":2,"column":55}},"2":{"start":{"line":3,"column":12},"end":{"line":3,"column":21}},"3":{"start":{"line":5,"column":0},"end":{"line":5,"column":24}},"4":{"start":{"line":7,"column":0},"end":{"line":7,"column":46}},"5":{"start":{"line":9,"column":0},"end":{"line":9,"column":19}}},"fnMap":{},"branchMap":{},"s":{"0":1,"1":1,"2":1,"3":1,"4":1,"5":1},"f":{},"b":{}}
}
